<?xml version="1.0" encoding="UTF-8"?>
<testng-results ignored="0" total="1" passed="1" failed="0" skipped="0">
  <reporter-output>
  </reporter-output>
  <suite started-at="2022-02-19T13:11:31 IST" name="Default suite" finished-at="2022-02-19T13:11:34 IST" duration-ms="2116">
    <groups>
    </groups>
    <test started-at="2022-02-19T13:11:31 IST" name="Default test" finished-at="2022-02-19T13:11:34 IST" duration-ms="2116">
      <class name="RestAssuredTestCase.Test_POST">
        <test-method signature="PutRequest()[pri:0, instance:RestAssuredTestCase.Test_POST@6283d8b8]" started-at="2022-02-19T13:11:31 IST" name="PutRequest" finished-at="2022-02-19T13:11:34 IST" duration-ms="2089" status="PASS">
          <reporter-output>
          </reporter-output>
        </test-method> <!-- PutRequest -->
      </class> <!-- RestAssuredTestCase.Test_POST -->
    </test> <!-- Default test -->
  </suite> <!-- Default suite -->
</testng-results>
