<?xml version="1.0" encoding="UTF-8"?>
<!-- Generated by org.testng.reporters.JUnitXMLReporter -->
<testsuite ignored="0" hostname="inbl01lap7243" failures="0" tests="4" name="Test" time="46.342" errors="0" timestamp="2022-02-19T10:21:36 IST">
  <testcase classname="TestCases.LoginPageTest" name="validateLoginPage" time="2.275"/>
  <testcase classname="TestCases.HomePageTest" name="verifyLabel" time="4.809"/>
  <testcase classname="TestCases.ManageApointPageTest" name="verify_x_clickButton" time="9.351"/>
  <testcase classname="TestCases.FindPatientPageTest" name="verifyingID" time="7.486"/>
</testsuite> <!-- Test -->
