<?xml version="1.0" encoding="UTF-8"?>
<testng-results ignored="0" total="4" passed="4" failed="0" skipped="0">
  <reporter-output>
  </reporter-output>
  <suite started-at="2022-02-19T10:20:50 IST" name="Suite" finished-at="2022-02-19T10:21:36 IST" duration-ms="46342">
    <groups>
    </groups>
    <test started-at="2022-02-19T10:20:50 IST" name="Test" finished-at="2022-02-19T10:21:36 IST" duration-ms="46342">
      <class name="TestCases.ManageApointPageTest">
        <test-method is-config="true" signature="SetUp()[pri:0, instance:TestCases.ManageApointPageTest@7fd50002]" started-at="2022-02-19T10:21:09 IST" name="SetUp" finished-at="2022-02-19T10:21:14 IST" duration-ms="4821" status="PASS">
          <reporter-output>
          </reporter-output>
        </test-method> <!-- SetUp -->
        <test-method signature="verify_x_clickButton()[pri:0, instance:TestCases.ManageApointPageTest@7fd50002]" started-at="2022-02-19T10:21:14 IST" name="verify_x_clickButton" finished-at="2022-02-19T10:21:23 IST" duration-ms="9351" status="PASS">
          <reporter-output>
          </reporter-output>
        </test-method> <!-- verify_x_clickButton -->
        <test-method is-config="true" signature="teardown()[pri:0, instance:TestCases.ManageApointPageTest@7fd50002]" started-at="2022-02-19T10:21:23 IST" name="teardown" finished-at="2022-02-19T10:21:23 IST" duration-ms="71" status="PASS">
          <reporter-output>
          </reporter-output>
        </test-method> <!-- teardown -->
      </class> <!-- TestCases.ManageApointPageTest -->
      <class name="TestCases.HomePageTest">
        <test-method is-config="true" signature="SetUp()[pri:0, instance:TestCases.HomePageTest@3f4faf53]" started-at="2022-02-19T10:20:58 IST" name="SetUp" finished-at="2022-02-19T10:21:04 IST" duration-ms="6376" status="PASS">
          <reporter-output>
          </reporter-output>
        </test-method> <!-- SetUp -->
        <test-method signature="verifyLabel()[pri:0, instance:TestCases.HomePageTest@3f4faf53]" started-at="2022-02-19T10:21:04 IST" name="verifyLabel" finished-at="2022-02-19T10:21:09 IST" duration-ms="4809" status="PASS">
          <reporter-output>
          </reporter-output>
        </test-method> <!-- verifyLabel -->
        <test-method is-config="true" signature="teardown()[pri:0, instance:TestCases.HomePageTest@3f4faf53]" started-at="2022-02-19T10:21:09 IST" name="teardown" finished-at="2022-02-19T10:21:09 IST" duration-ms="58" status="PASS">
          <reporter-output>
          </reporter-output>
        </test-method> <!-- teardown -->
      </class> <!-- TestCases.HomePageTest -->
      <class name="TestCases.LoginPageTest">
        <test-method is-config="true" signature="SetUp()[pri:0, instance:TestCases.LoginPageTest@402c4085]" started-at="2022-02-19T10:20:50 IST" name="SetUp" finished-at="2022-02-19T10:20:56 IST" duration-ms="5695" status="PASS">
          <reporter-output>
          </reporter-output>
        </test-method> <!-- SetUp -->
        <test-method signature="validateLoginPage()[pri:0, instance:TestCases.LoginPageTest@402c4085]" started-at="2022-02-19T10:20:56 IST" name="validateLoginPage" finished-at="2022-02-19T10:20:58 IST" duration-ms="2275" status="PASS">
          <reporter-output>
          </reporter-output>
        </test-method> <!-- validateLoginPage -->
        <test-method is-config="true" signature="teardown()[pri:0, instance:TestCases.LoginPageTest@402c4085]" started-at="2022-02-19T10:20:58 IST" name="teardown" finished-at="2022-02-19T10:20:58 IST" duration-ms="69" status="PASS">
          <reporter-output>
          </reporter-output>
        </test-method> <!-- teardown -->
      </class> <!-- TestCases.LoginPageTest -->
      <class name="TestCases.FindPatientPageTest">
        <test-method is-config="true" signature="SetUp()[pri:0, instance:TestCases.FindPatientPageTest@533bda92]" started-at="2022-02-19T10:21:23 IST" name="SetUp" finished-at="2022-02-19T10:21:29 IST" duration-ms="5191" status="PASS">
          <reporter-output>
          </reporter-output>
        </test-method> <!-- SetUp -->
        <test-method signature="verifyingID()[pri:0, instance:TestCases.FindPatientPageTest@533bda92]" started-at="2022-02-19T10:21:29 IST" name="verifyingID" finished-at="2022-02-19T10:21:36 IST" duration-ms="7486" status="PASS">
          <reporter-output>
          </reporter-output>
        </test-method> <!-- verifyingID -->
        <test-method is-config="true" signature="teardown()[pri:0, instance:TestCases.FindPatientPageTest@533bda92]" started-at="2022-02-19T10:21:36 IST" name="teardown" finished-at="2022-02-19T10:21:36 IST" duration-ms="108" status="PASS">
          <reporter-output>
          </reporter-output>
        </test-method> <!-- teardown -->
      </class> <!-- TestCases.FindPatientPageTest -->
    </test> <!-- Test -->
  </suite> <!-- Suite -->
</testng-results>
